<?xml version="1.0" encoding="UTF-8"?>
<!-- Generated by org.testng.reporters.JUnitReportReporter -->
<testsuite hostname="chaitanya" failures="0" tests="3" name="Zerodalogintestpage" time="25.518" errors="0" timestamp="2022-06-18T22:16:15 IST" skipped="0">
  <testcase classname="Zerodalogintestpage" name="signuplinkTest" time="6.982"/>
  <system-out/>
  <testcase classname="Zerodalogintestpage" name="LoginWithValidCredentialTest" time="11.383"/>
  <system-out/>
  <testcase classname="Zerodalogintestpage" name="forgotpasswordlinkTest" time="7.153"/>
  <system-out/>
</testsuite> <!-- Zerodalogintestpage -->
